<?xml version="1.0" encoding="UTF-8"?>
<!-- Generated by org.testng.reporters.JUnitReportReporter -->
<testsuite skipped="0" hostname="Sudipas-MacBook-Pro.local" name="steps.SanityTestRunner" tests="3" failures="0" timestamp="2021-10-01T14:18:50 IST" time="56.685" errors="0">
  <testcase name="runScenario" time="30.142" classname="steps.SanityTestRunner"/>
  <system-out/>
  <testcase name="runScenario" time="11.622" classname="steps.SanityTestRunner"/>
  <system-out/>
  <testcase name="runScenario" time="14.921" classname="steps.SanityTestRunner"/>
  <system-out/>
</testsuite> <!-- steps.SanityTestRunner -->
