<?xml version="1.0" encoding="UTF-8"?>
<!-- Generated by org.testng.reporters.JUnitReportReporter -->
<testsuite skipped="0" hostname="Sudipas-MacBook-Pro.local" name="steps.SanityTestRunner" tests="3" failures="0" timestamp="2021-09-29T19:35:18 IST" time="42.486" errors="0">
  <testcase name="runScenario" time="11.180" classname="steps.SanityTestRunner"/>
  <system-out/>
  <testcase name="runScenario" time="15.104" classname="steps.SanityTestRunner"/>
  <system-out/>
  <testcase name="runScenario" time="16.202" classname="steps.SanityTestRunner"/>
  <system-out/>
</testsuite> <!-- steps.SanityTestRunner -->
