<?xml version="1.0" encoding="UTF-8"?>
<!-- Generated by org.testng.reporters.JUnitReportReporter -->
<testsuite skipped="0" hostname="Sudipas-MacBook-Pro.local" name="steps.SanityTestRunner" tests="4" failures="0" timestamp="2021-10-02T23:06:29 IST" time="52.181" errors="0">
  <testcase name="runScenario" time="9.028" classname="steps.SanityTestRunner"/>
  <system-out/>
  <testcase name="runScenario" time="14.454" classname="steps.SanityTestRunner"/>
  <system-out/>
  <testcase name="runScenario" time="13.702" classname="steps.SanityTestRunner"/>
  <system-out/>
  <testcase name="runScenario" time="14.997" classname="steps.SanityTestRunner"/>
  <system-out/>
</testsuite> <!-- steps.SanityTestRunner -->
