<?xml version="1.0" encoding="UTF-8"?>
<!-- Generated by org.testng.reporters.JUnitReportReporter -->
<testsuite skipped="0" hostname="Sudipas-MacBook-Pro.local" name="steps.SanityTestRunner" tests="3" failures="0" timestamp="2021-09-30T22:15:44 IST" time="29.525" errors="0">
  <testcase name="runScenario" time="10.656" classname="steps.SanityTestRunner"/>
  <system-out/>
  <testcase name="runScenario" time="10.169" classname="steps.SanityTestRunner"/>
  <system-out/>
  <testcase name="runScenario" time="8.700" classname="steps.SanityTestRunner"/>
  <system-out/>
</testsuite> <!-- steps.SanityTestRunner -->
